{"/Users/thiagobutignon/dev/spec-kit-clean-archicteture/execute-steps.ts": {"path":"/Users/thiagobutignon/dev/spec-kit-clean-archicteture/execute-steps.ts","all":true,"statementMap":{"2":{"start":{"line":3,"column":0},"end":{"line":3,"column":73}},"3":{"start":{"line":4,"column":0},"end":{"line":4,"column":78}},"4":{"start":{"line":5,"column":0},"end":{"line":5,"column":24}},"5":{"start":{"line":6,"column":0},"end":{"line":6,"column":20}},"8":{"start":{"line":9,"column":0},"end":{"line":9,"column":17}},"9":{"start":{"line":10,"column":0},"end":{"line":10,"column":22}},"11":{"start":{"line":12,"column":0},"end":{"line":12,"column":20}},"12":{"start":{"line":13,"column":0},"end":{"line":13,"column":34}},"14":{"start":{"line":15,"column":0},"end":{"line":15,"column":52}},"16":{"start":{"line":17,"column":0},"end":{"line":17,"column":43}},"17":{"start":{"line":18,"column":0},"end":{"line":18,"column":98}},"18":{"start":{"line":19,"column":0},"end":{"line":19,"column":9}},"19":{"start":{"line":20,"column":0},"end":{"line":20,"column":78}},"20":{"start":{"line":21,"column":0},"end":{"line":21,"column":56}},"21":{"start":{"line":22,"column":0},"end":{"line":22,"column":26}},"22":{"start":{"line":23,"column":0},"end":{"line":23,"column":87}},"23":{"start":{"line":24,"column":0},"end":{"line":24,"column":62}},"24":{"start":{"line":25,"column":0},"end":{"line":25,"column":22}},"25":{"start":{"line":26,"column":0},"end":{"line":26,"column":5}},"26":{"start":{"line":27,"column":0},"end":{"line":27,"column":3}},"28":{"start":{"line":29,"column":0},"end":{"line":29,"column":37}},"29":{"start":{"line":30,"column":0},"end":{"line":30,"column":26}},"30":{"start":{"line":31,"column":0},"end":{"line":31,"column":49}},"32":{"start":{"line":33,"column":0},"end":{"line":33,"column":42}},"33":{"start":{"line":34,"column":0},"end":{"line":34,"column":91}},"34":{"start":{"line":35,"column":0},"end":{"line":35,"column":13}},"35":{"start":{"line":36,"column":0},"end":{"line":36,"column":5}},"37":{"start":{"line":38,"column":0},"end":{"line":38,"column":89}},"39":{"start":{"line":40,"column":0},"end":{"line":40,"column":50}},"40":{"start":{"line":41,"column":0},"end":{"line":41,"column":60}},"41":{"start":{"line":42,"column":0},"end":{"line":42,"column":99}},"43":{"start":{"line":44,"column":0},"end":{"line":44,"column":11}},"44":{"start":{"line":45,"column":0},"end":{"line":45,"column":37}},"45":{"start":{"line":46,"column":0},"end":{"line":46,"column":84}},"46":{"start":{"line":47,"column":0},"end":{"line":47,"column":23}},"47":{"start":{"line":48,"column":0},"end":{"line":48,"column":77}},"48":{"start":{"line":49,"column":0},"end":{"line":49,"column":61}},"49":{"start":{"line":50,"column":0},"end":{"line":50,"column":24}},"50":{"start":{"line":51,"column":0},"end":{"line":51,"column":7}},"51":{"start":{"line":52,"column":0},"end":{"line":52,"column":5}},"53":{"start":{"line":54,"column":0},"end":{"line":54,"column":76}},"54":{"start":{"line":55,"column":0},"end":{"line":55,"column":3}},"56":{"start":{"line":57,"column":0},"end":{"line":57,"column":55}},"57":{"start":{"line":58,"column":0},"end":{"line":58,"column":31}},"58":{"start":{"line":59,"column":0},"end":{"line":59,"column":38}},"59":{"start":{"line":60,"column":0},"end":{"line":60,"column":40}},"60":{"start":{"line":61,"column":0},"end":{"line":61,"column":40}},"61":{"start":{"line":62,"column":0},"end":{"line":62,"column":5}},"63":{"start":{"line":64,"column":0},"end":{"line":64,"column":33}},"64":{"start":{"line":65,"column":0},"end":{"line":65,"column":70}},"65":{"start":{"line":66,"column":0},"end":{"line":66,"column":5}},"66":{"start":{"line":67,"column":0},"end":{"line":67,"column":3}},"68":{"start":{"line":69,"column":0},"end":{"line":69,"column":58}},"69":{"start":{"line":70,"column":0},"end":{"line":70,"column":41}},"70":{"start":{"line":71,"column":0},"end":{"line":71,"column":77}},"72":{"start":{"line":73,"column":0},"end":{"line":73,"column":60}},"73":{"start":{"line":74,"column":0},"end":{"line":74,"column":65}},"74":{"start":{"line":75,"column":0},"end":{"line":75,"column":39}},"75":{"start":{"line":76,"column":0},"end":{"line":76,"column":3}},"77":{"start":{"line":78,"column":0},"end":{"line":78,"column":60}},"78":{"start":{"line":79,"column":0},"end":{"line":79,"column":59}},"79":{"start":{"line":80,"column":0},"end":{"line":80,"column":63}},"80":{"start":{"line":81,"column":0},"end":{"line":81,"column":73}},"82":{"start":{"line":83,"column":0},"end":{"line":83,"column":35}},"83":{"start":{"line":84,"column":0},"end":{"line":84,"column":47}},"84":{"start":{"line":85,"column":0},"end":{"line":85,"column":71}},"85":{"start":{"line":86,"column":0},"end":{"line":86,"column":35}},"86":{"start":{"line":87,"column":0},"end":{"line":87,"column":5}},"87":{"start":{"line":88,"column":0},"end":{"line":88,"column":3}},"93":{"start":{"line":94,"column":0},"end":{"line":94,"column":91}},"94":{"start":{"line":95,"column":0},"end":{"line":95,"column":86}},"97":{"start":{"line":98,"column":0},"end":{"line":98,"column":84}},"99":{"start":{"line":100,"column":0},"end":{"line":100,"column":9}},"101":{"start":{"line":102,"column":0},"end":{"line":102,"column":68}},"104":{"start":{"line":105,"column":0},"end":{"line":105,"column":59}},"107":{"start":{"line":108,"column":0},"end":{"line":108,"column":44}},"111":{"start":{"line":112,"column":0},"end":{"line":112,"column":32}},"113":{"start":{"line":114,"column":0},"end":{"line":114,"column":15}},"116":{"start":{"line":117,"column":0},"end":{"line":117,"column":48}},"117":{"start":{"line":118,"column":0},"end":{"line":118,"column":40}},"118":{"start":{"line":119,"column":0},"end":{"line":119,"column":7}},"119":{"start":{"line":120,"column":0},"end":{"line":120,"column":5}},"121":{"start":{"line":122,"column":0},"end":{"line":122,"column":73}},"122":{"start":{"line":123,"column":0},"end":{"line":123,"column":3}},"123":{"start":{"line":124,"column":0},"end":{"line":124,"column":1}},"125":{"start":{"line":126,"column":0},"end":{"line":126,"column":23}},"126":{"start":{"line":127,"column":0},"end":{"line":127,"column":26}},"127":{"start":{"line":128,"column":0},"end":{"line":128,"column":99}},"128":{"start":{"line":129,"column":0},"end":{"line":129,"column":20}},"129":{"start":{"line":130,"column":0},"end":{"line":130,"column":3}},"130":{"start":{"line":131,"column":0},"end":{"line":131,"column":33}},"131":{"start":{"line":132,"column":0},"end":{"line":132,"column":50}},"132":{"start":{"line":133,"column":0},"end":{"line":133,"column":23}},"133":{"start":{"line":134,"column":0},"end":{"line":134,"column":1}},"135":{"start":{"line":136,"column":0},"end":{"line":136,"column":21}},"136":{"start":{"line":137,"column":0},"end":{"line":137,"column":18}},"137":{"start":{"line":138,"column":0},"end":{"line":138,"column":3}}},"s":{"2":0,"3":0,"4":0,"5":0,"8":0,"9":0,"11":0,"12":0,"14":0,"16":0,"17":0,"18":0,"19":0,"20":0,"21":0,"22":0,"23":0,"24":0,"25":0,"26":0,"28":0,"29":0,"30":0,"32":0,"33":0,"34":0,"35":0,"37":0,"39":0,"40":0,"41":0,"43":0,"44":0,"45":0,"46":0,"47":0,"48":0,"49":0,"50":0,"51":0,"53":0,"54":0,"56":0,"57":0,"58":0,"59":0,"60":0,"61":0,"63":0,"64":0,"65":0,"66":0,"68":0,"69":0,"70":0,"72":0,"73":0,"74":0,"75":0,"77":0,"78":0,"79":0,"80":0,"82":0,"83":0,"84":0,"85":0,"86":0,"87":0,"93":0,"94":0,"97":0,"99":0,"101":0,"104":0,"107":0,"111":0,"113":0,"116":0,"117":0,"118":0,"119":0,"121":0,"122":0,"123":0,"125":0,"126":0,"127":0,"128":0,"129":0,"130":0,"131":0,"132":0,"133":0,"135":0,"136":0,"137":0},"branchMap":{"0":{"type":"branch","line":1,"loc":{"start":{"line":1,"column":4708},"end":{"line":138,"column":3}},"locations":[{"start":{"line":1,"column":4708},"end":{"line":138,"column":3}}]}},"b":{"0":[1]},"fnMap":{"0":{"name":"(empty-report)","decl":{"start":{"line":1,"column":4708},"end":{"line":138,"column":3}},"loc":{"start":{"line":1,"column":4708},"end":{"line":138,"column":3}},"line":1}},"f":{"0":1}}
,"/Users/thiagobutignon/dev/spec-kit-clean-archicteture/validate-implementation.ts": {"path":"/Users/thiagobutignon/dev/spec-kit-clean-archicteture/validate-implementation.ts","all":true,"statementMap":{"2":{"start":{"line":3,"column":0},"end":{"line":3,"column":41}},"3":{"start":{"line":4,"column":0},"end":{"line":4,"column":25}},"4":{"start":{"line":5,"column":0},"end":{"line":5,"column":36}},"5":{"start":{"line":6,"column":0},"end":{"line":6,"column":29}},"24":{"start":{"line":25,"column":0},"end":{"line":25,"column":31}},"25":{"start":{"line":26,"column":0},"end":{"line":26,"column":52}},"26":{"start":{"line":27,"column":0},"end":{"line":27,"column":58}},"27":{"start":{"line":28,"column":0},"end":{"line":28,"column":38}},"28":{"start":{"line":29,"column":0},"end":{"line":29,"column":16}},"29":{"start":{"line":30,"column":0},"end":{"line":30,"column":15}},"30":{"start":{"line":31,"column":0},"end":{"line":31,"column":16}},"31":{"start":{"line":32,"column":0},"end":{"line":32,"column":4}},"33":{"start":{"line":34,"column":0},"end":{"line":34,"column":14}},"34":{"start":{"line":35,"column":0},"end":{"line":35,"column":33}},"35":{"start":{"line":36,"column":0},"end":{"line":36,"column":39}},"36":{"start":{"line":37,"column":0},"end":{"line":37,"column":6}},"41":{"start":{"line":42,"column":0},"end":{"line":42,"column":47}},"42":{"start":{"line":43,"column":0},"end":{"line":43,"column":83}},"43":{"start":{"line":44,"column":0},"end":{"line":44,"column":95}},"45":{"start":{"line":46,"column":0},"end":{"line":46,"column":122}},"47":{"start":{"line":48,"column":0},"end":{"line":48,"column":34}},"48":{"start":{"line":49,"column":0},"end":{"line":49,"column":37}},"49":{"start":{"line":50,"column":0},"end":{"line":50,"column":29}},"50":{"start":{"line":51,"column":0},"end":{"line":51,"column":25}},"52":{"start":{"line":53,"column":0},"end":{"line":53,"column":24}},"53":{"start":{"line":54,"column":0},"end":{"line":54,"column":23}},"54":{"start":{"line":55,"column":0},"end":{"line":55,"column":3}},"60":{"start":{"line":61,"column":0},"end":{"line":61,"column":42}},"61":{"start":{"line":62,"column":0},"end":{"line":62,"column":62}},"64":{"start":{"line":65,"column":0},"end":{"line":65,"column":82}},"67":{"start":{"line":68,"column":0},"end":{"line":68,"column":97}},"70":{"start":{"line":71,"column":0},"end":{"line":71,"column":49}},"71":{"start":{"line":72,"column":0},"end":{"line":72,"column":37}},"72":{"start":{"line":73,"column":0},"end":{"line":73,"column":5}},"74":{"start":{"line":75,"column":0},"end":{"line":75,"column":57}},"75":{"start":{"line":76,"column":0},"end":{"line":76,"column":46}},"76":{"start":{"line":77,"column":0},"end":{"line":77,"column":58}},"78":{"start":{"line":79,"column":0},"end":{"line":79,"column":18}},"79":{"start":{"line":80,"column":0},"end":{"line":80,"column":50}},"80":{"start":{"line":81,"column":0},"end":{"line":81,"column":30}},"81":{"start":{"line":82,"column":0},"end":{"line":82,"column":111}},"83":{"start":{"line":84,"column":0},"end":{"line":84,"column":8}},"84":{"start":{"line":85,"column":0},"end":{"line":85,"column":12}},"85":{"start":{"line":86,"column":0},"end":{"line":86,"column":89}},"86":{"start":{"line":87,"column":0},"end":{"line":87,"column":5}},"87":{"start":{"line":88,"column":0},"end":{"line":88,"column":3}},"92":{"start":{"line":93,"column":0},"end":{"line":93,"column":45}},"93":{"start":{"line":94,"column":0},"end":{"line":94,"column":78}},"94":{"start":{"line":95,"column":0},"end":{"line":95,"column":31}},"95":{"start":{"line":96,"column":0},"end":{"line":96,"column":69}},"96":{"start":{"line":97,"column":0},"end":{"line":97,"column":88}},"97":{"start":{"line":98,"column":0},"end":{"line":98,"column":6}},"99":{"start":{"line":100,"column":0},"end":{"line":100,"column":46}},"100":{"start":{"line":101,"column":0},"end":{"line":101,"column":83}},"101":{"start":{"line":102,"column":0},"end":{"line":102,"column":32}},"102":{"start":{"line":103,"column":0},"end":{"line":103,"column":70}},"104":{"start":{"line":105,"column":0},"end":{"line":105,"column":10}},"105":{"start":{"line":106,"column":0},"end":{"line":106,"column":17}},"106":{"start":{"line":107,"column":0},"end":{"line":107,"column":7}},"107":{"start":{"line":108,"column":0},"end":{"line":108,"column":11}},"108":{"start":{"line":109,"column":0},"end":{"line":109,"column":92}},"109":{"start":{"line":110,"column":0},"end":{"line":110,"column":94}},"110":{"start":{"line":111,"column":0},"end":{"line":111,"column":23}},"111":{"start":{"line":112,"column":0},"end":{"line":112,"column":32}},"112":{"start":{"line":113,"column":0},"end":{"line":113,"column":93}},"114":{"start":{"line":115,"column":0},"end":{"line":115,"column":10}},"115":{"start":{"line":116,"column":0},"end":{"line":116,"column":7}},"116":{"start":{"line":117,"column":0},"end":{"line":117,"column":5}},"117":{"start":{"line":118,"column":0},"end":{"line":118,"column":3}},"122":{"start":{"line":123,"column":0},"end":{"line":123,"column":37}},"123":{"start":{"line":124,"column":0},"end":{"line":124,"column":64}},"124":{"start":{"line":125,"column":0},"end":{"line":125,"column":83}},"125":{"start":{"line":126,"column":0},"end":{"line":126,"column":78}},"126":{"start":{"line":127,"column":0},"end":{"line":127,"column":13}},"127":{"start":{"line":128,"column":0},"end":{"line":128,"column":5}},"129":{"start":{"line":130,"column":0},"end":{"line":130,"column":79}},"130":{"start":{"line":131,"column":0},"end":{"line":131,"column":91}},"132":{"start":{"line":133,"column":0},"end":{"line":133,"column":55}},"133":{"start":{"line":134,"column":0},"end":{"line":134,"column":104}},"134":{"start":{"line":135,"column":0},"end":{"line":135,"column":13}},"135":{"start":{"line":136,"column":0},"end":{"line":136,"column":5}},"137":{"start":{"line":138,"column":0},"end":{"line":138,"column":60}},"138":{"start":{"line":139,"column":0},"end":{"line":139,"column":76}},"140":{"start":{"line":141,"column":0},"end":{"line":141,"column":28}},"141":{"start":{"line":142,"column":0},"end":{"line":142,"column":165}},"142":{"start":{"line":143,"column":0},"end":{"line":143,"column":13}},"143":{"start":{"line":144,"column":0},"end":{"line":144,"column":5}},"145":{"start":{"line":146,"column":0},"end":{"line":146,"column":44}},"146":{"start":{"line":147,"column":0},"end":{"line":147,"column":98}},"148":{"start":{"line":149,"column":0},"end":{"line":149,"column":54}},"149":{"start":{"line":150,"column":0},"end":{"line":150,"column":173}},"150":{"start":{"line":151,"column":0},"end":{"line":151,"column":12}},"151":{"start":{"line":152,"column":0},"end":{"line":152,"column":83}},"152":{"start":{"line":153,"column":0},"end":{"line":153,"column":5}},"153":{"start":{"line":154,"column":0},"end":{"line":154,"column":3}},"158":{"start":{"line":159,"column":0},"end":{"line":159,"column":33}},"159":{"start":{"line":160,"column":0},"end":{"line":160,"column":58}},"160":{"start":{"line":161,"column":0},"end":{"line":161,"column":75}},"161":{"start":{"line":162,"column":0},"end":{"line":162,"column":74}},"162":{"start":{"line":163,"column":0},"end":{"line":163,"column":13}},"163":{"start":{"line":164,"column":0},"end":{"line":164,"column":5}},"165":{"start":{"line":166,"column":0},"end":{"line":166,"column":63}},"166":{"start":{"line":167,"column":0},"end":{"line":167,"column":75}},"168":{"start":{"line":169,"column":0},"end":{"line":169,"column":47}},"169":{"start":{"line":170,"column":0},"end":{"line":170,"column":100}},"171":{"start":{"line":172,"column":0},"end":{"line":172,"column":26}},"172":{"start":{"line":173,"column":0},"end":{"line":173,"column":133}},"173":{"start":{"line":174,"column":0},"end":{"line":174,"column":15}},"174":{"start":{"line":175,"column":0},"end":{"line":175,"column":7}},"176":{"start":{"line":177,"column":0},"end":{"line":177,"column":58}},"178":{"start":{"line":179,"column":0},"end":{"line":179,"column":48}},"179":{"start":{"line":180,"column":0},"end":{"line":180,"column":120}},"180":{"start":{"line":181,"column":0},"end":{"line":181,"column":122}},"181":{"start":{"line":182,"column":0},"end":{"line":182,"column":14}},"182":{"start":{"line":183,"column":0},"end":{"line":183,"column":99}},"183":{"start":{"line":184,"column":0},"end":{"line":184,"column":7}},"184":{"start":{"line":185,"column":0},"end":{"line":185,"column":7}},"185":{"start":{"line":186,"column":0},"end":{"line":186,"column":3}},"190":{"start":{"line":191,"column":0},"end":{"line":191,"column":32}},"191":{"start":{"line":192,"column":0},"end":{"line":192,"column":39}},"192":{"start":{"line":193,"column":0},"end":{"line":193,"column":56}},"193":{"start":{"line":194,"column":0},"end":{"line":194,"column":32}},"195":{"start":{"line":196,"column":0},"end":{"line":196,"column":41}},"196":{"start":{"line":197,"column":0},"end":{"line":197,"column":40}},"197":{"start":{"line":198,"column":0},"end":{"line":198,"column":63}},"198":{"start":{"line":199,"column":0},"end":{"line":199,"column":5}},"200":{"start":{"line":201,"column":0},"end":{"line":201,"column":40}},"201":{"start":{"line":202,"column":0},"end":{"line":202,"column":32}},"202":{"start":{"line":203,"column":0},"end":{"line":203,"column":64}},"203":{"start":{"line":204,"column":0},"end":{"line":204,"column":64}},"204":{"start":{"line":205,"column":0},"end":{"line":205,"column":5}},"206":{"start":{"line":207,"column":0},"end":{"line":207,"column":39}},"207":{"start":{"line":208,"column":0},"end":{"line":208,"column":28}},"208":{"start":{"line":209,"column":0},"end":{"line":209,"column":93}},"209":{"start":{"line":210,"column":0},"end":{"line":210,"column":12}},"210":{"start":{"line":211,"column":0},"end":{"line":211,"column":85}},"211":{"start":{"line":212,"column":0},"end":{"line":212,"column":109}},"212":{"start":{"line":213,"column":0},"end":{"line":213,"column":64}},"213":{"start":{"line":214,"column":0},"end":{"line":214,"column":5}},"214":{"start":{"line":215,"column":0},"end":{"line":215,"column":32}},"215":{"start":{"line":216,"column":0},"end":{"line":216,"column":3}},"216":{"start":{"line":217,"column":0},"end":{"line":217,"column":1}},"218":{"start":{"line":219,"column":0},"end":{"line":219,"column":23}},"219":{"start":{"line":220,"column":0},"end":{"line":220,"column":37}},"220":{"start":{"line":221,"column":0},"end":{"line":221,"column":24}},"221":{"start":{"line":222,"column":0},"end":{"line":222,"column":100}},"222":{"start":{"line":223,"column":0},"end":{"line":223,"column":95}},"223":{"start":{"line":224,"column":0},"end":{"line":224,"column":20}},"224":{"start":{"line":225,"column":0},"end":{"line":225,"column":3}},"226":{"start":{"line":227,"column":0},"end":{"line":227,"column":50}},"227":{"start":{"line":228,"column":0},"end":{"line":228,"column":82}},"228":{"start":{"line":229,"column":0},"end":{"line":229,"column":44}},"230":{"start":{"line":231,"column":0},"end":{"line":231,"column":37}},"231":{"start":{"line":232,"column":0},"end":{"line":232,"column":1}},"234":{"start":{"line":235,"column":0},"end":{"line":235,"column":55}},"235":{"start":{"line":236,"column":0},"end":{"line":236,"column":52}},"237":{"start":{"line":238,"column":0},"end":{"line":238,"column":37}},"238":{"start":{"line":239,"column":0},"end":{"line":239,"column":30}},"239":{"start":{"line":240,"column":0},"end":{"line":240,"column":1}}},"s":{"2":0,"3":0,"4":0,"5":0,"24":0,"25":0,"26":0,"27":0,"28":0,"29":0,"30":0,"31":0,"33":0,"34":0,"35":0,"36":0,"41":0,"42":0,"43":0,"45":0,"47":0,"48":0,"49":0,"50":0,"52":0,"53":0,"54":0,"60":0,"61":0,"64":0,"67":0,"70":0,"71":0,"72":0,"74":0,"75":0,"76":0,"78":0,"79":0,"80":0,"81":0,"83":0,"84":0,"85":0,"86":0,"87":0,"92":0,"93":0,"94":0,"95":0,"96":0,"97":0,"99":0,"100":0,"101":0,"102":0,"104":0,"105":0,"106":0,"107":0,"108":0,"109":0,"110":0,"111":0,"112":0,"114":0,"115":0,"116":0,"117":0,"122":0,"123":0,"124":0,"125":0,"126":0,"127":0,"129":0,"130":0,"132":0,"133":0,"134":0,"135":0,"137":0,"138":0,"140":0,"141":0,"142":0,"143":0,"145":0,"146":0,"148":0,"149":0,"150":0,"151":0,"152":0,"153":0,"158":0,"159":0,"160":0,"161":0,"162":0,"163":0,"165":0,"166":0,"168":0,"169":0,"171":0,"172":0,"173":0,"174":0,"176":0,"178":0,"179":0,"180":0,"181":0,"182":0,"183":0,"184":0,"185":0,"190":0,"191":0,"192":0,"193":0,"195":0,"196":0,"197":0,"198":0,"200":0,"201":0,"202":0,"203":0,"204":0,"206":0,"207":0,"208":0,"209":0,"210":0,"211":0,"212":0,"213":0,"214":0,"215":0,"216":0,"218":0,"219":0,"220":0,"221":0,"222":0,"223":0,"224":0,"226":0,"227":0,"228":0,"230":0,"231":0,"234":0,"235":0,"237":0,"238":0,"239":0},"branchMap":{"0":{"type":"branch","line":1,"loc":{"start":{"line":1,"column":8888},"end":{"line":240,"column":1}},"locations":[{"start":{"line":1,"column":8888},"end":{"line":240,"column":1}}]}},"b":{"0":[1]},"fnMap":{"0":{"name":"(empty-report)","decl":{"start":{"line":1,"column":8888},"end":{"line":240,"column":1}},"loc":{"start":{"line":1,"column":8888},"end":{"line":240,"column":1}},"line":1}},"f":{"0":1}}
,"/Users/thiagobutignon/dev/spec-kit-clean-archicteture/src/features/todo-list/domain/errors/invalid-todo-data.ts": {"path":"/Users/thiagobutignon/dev/spec-kit-clean-archicteture/src/features/todo-list/domain/errors/invalid-todo-data.ts","all":true,"statementMap":{"4":{"start":{"line":5,"column":0},"end":{"line":5,"column":49}},"5":{"start":{"line":6,"column":0},"end":{"line":6,"column":17}},"6":{"start":{"line":7,"column":0},"end":{"line":7,"column":39}},"7":{"start":{"line":8,"column":0},"end":{"line":8,"column":38}},"8":{"start":{"line":9,"column":0},"end":{"line":9,"column":3}},"9":{"start":{"line":10,"column":0},"end":{"line":10,"column":1}}},"s":{"4":0,"5":0,"6":0,"7":0,"8":0,"9":0},"branchMap":{"0":{"type":"branch","line":1,"loc":{"start":{"line":1,"column":226},"end":{"line":10,"column":1}},"locations":[{"start":{"line":1,"column":226},"end":{"line":10,"column":1}}]}},"b":{"0":[1]},"fnMap":{"0":{"name":"(empty-report)","decl":{"start":{"line":1,"column":226},"end":{"line":10,"column":1}},"loc":{"start":{"line":1,"column":226},"end":{"line":10,"column":1}},"line":1}},"f":{"0":1}}
,"/Users/thiagobutignon/dev/spec-kit-clean-archicteture/src/features/todo-list/domain/errors/todo-not-found.ts": {"path":"/Users/thiagobutignon/dev/spec-kit-clean-archicteture/src/features/todo-list/domain/errors/todo-not-found.ts","all":true,"statementMap":{"4":{"start":{"line":5,"column":0},"end":{"line":5,"column":46}},"5":{"start":{"line":6,"column":0},"end":{"line":6,"column":17}},"6":{"start":{"line":7,"column":0},"end":{"line":7,"column":32}},"7":{"start":{"line":8,"column":0},"end":{"line":8,"column":35}},"8":{"start":{"line":9,"column":0},"end":{"line":9,"column":3}},"9":{"start":{"line":10,"column":0},"end":{"line":10,"column":1}}},"s":{"4":0,"5":0,"6":0,"7":0,"8":0,"9":0},"branchMap":{"0":{"type":"branch","line":1,"loc":{"start":{"line":1,"column":225},"end":{"line":10,"column":1}},"locations":[{"start":{"line":1,"column":225},"end":{"line":10,"column":1}}]}},"b":{"0":[1]},"fnMap":{"0":{"name":"(empty-report)","decl":{"start":{"line":1,"column":225},"end":{"line":10,"column":1}},"loc":{"start":{"line":1,"column":225},"end":{"line":10,"column":1}},"line":1}},"f":{"0":1}}
,"/Users/thiagobutignon/dev/spec-kit-clean-archicteture/src/features/todo-list/domain/errors/unauthorized-tenant-access.ts": {"path":"/Users/thiagobutignon/dev/spec-kit-clean-archicteture/src/features/todo-list/domain/errors/unauthorized-tenant-access.ts","all":true,"statementMap":{"4":{"start":{"line":5,"column":0},"end":{"line":5,"column":58}},"5":{"start":{"line":6,"column":0},"end":{"line":6,"column":17}},"6":{"start":{"line":7,"column":0},"end":{"line":7,"column":52}},"7":{"start":{"line":8,"column":0},"end":{"line":8,"column":47}},"8":{"start":{"line":9,"column":0},"end":{"line":9,"column":3}},"9":{"start":{"line":10,"column":0},"end":{"line":10,"column":1}}},"s":{"4":0,"5":0,"6":0,"7":0,"8":0,"9":0},"branchMap":{"0":{"type":"branch","line":1,"loc":{"start":{"line":1,"column":283},"end":{"line":10,"column":1}},"locations":[{"start":{"line":1,"column":283},"end":{"line":10,"column":1}}]}},"b":{"0":[1]},"fnMap":{"0":{"name":"(empty-report)","decl":{"start":{"line":1,"column":283},"end":{"line":10,"column":1}},"loc":{"start":{"line":1,"column":283},"end":{"line":10,"column":1}},"line":1}},"f":{"0":1}}
,"/Users/thiagobutignon/dev/spec-kit-clean-archicteture/src/features/todo-list/domain/test/mock-create-todo-use-case.ts": {"path":"/Users/thiagobutignon/dev/spec-kit-clean-archicteture/src/features/todo-list/domain/test/mock-create-todo-use-case.ts","all":true,"statementMap":{"0":{"start":{"line":1,"column":0},"end":{"line":1,"column":27}},"7":{"start":{"line":8,"column":0},"end":{"line":8,"column":60}},"8":{"start":{"line":9,"column":0},"end":{"line":9,"column":25}},"9":{"start":{"line":10,"column":0},"end":{"line":10,"column":26}},"10":{"start":{"line":11,"column":0},"end":{"line":11,"column":41}},"11":{"start":{"line":12,"column":0},"end":{"line":12,"column":2}},"17":{"start":{"line":18,"column":0},"end":{"line":18,"column":62}},"18":{"start":{"line":19,"column":0},"end":{"line":19,"column":17}},"19":{"start":{"line":20,"column":0},"end":{"line":20,"column":25}},"20":{"start":{"line":21,"column":0},"end":{"line":21,"column":26}},"21":{"start":{"line":22,"column":0},"end":{"line":22,"column":42}},"22":{"start":{"line":23,"column":0},"end":{"line":23,"column":19}},"23":{"start":{"line":24,"column":0},"end":{"line":24,"column":45}},"24":{"start":{"line":25,"column":0},"end":{"line":25,"column":2}},"30":{"start":{"line":31,"column":0},"end":{"line":31,"column":64}},"31":{"start":{"line":32,"column":0},"end":{"line":32,"column":18}},"32":{"start":{"line":33,"column":0},"end":{"line":33,"column":2}}},"s":{"0":0,"7":0,"8":0,"9":0,"10":0,"11":0,"17":0,"18":0,"19":0,"20":0,"21":0,"22":0,"23":0,"24":0,"30":0,"31":0,"32":0},"branchMap":{"0":{"type":"branch","line":1,"loc":{"start":{"line":1,"column":909},"end":{"line":33,"column":2}},"locations":[{"start":{"line":1,"column":909},"end":{"line":33,"column":2}}]}},"b":{"0":[0]},"fnMap":{"0":{"name":"(empty-report)","decl":{"start":{"line":1,"column":909},"end":{"line":33,"column":2}},"loc":{"start":{"line":1,"column":909},"end":{"line":33,"column":2}},"line":1}},"f":{"0":0}}
,"/Users/thiagobutignon/dev/spec-kit-clean-archicteture/src/features/todo-list/domain/test/mock-delete-todo-use-case.ts": {"path":"/Users/thiagobutignon/dev/spec-kit-clean-archicteture/src/features/todo-list/domain/test/mock-delete-todo-use-case.ts","all":true,"statementMap":{"0":{"start":{"line":1,"column":0},"end":{"line":1,"column":27}},"7":{"start":{"line":8,"column":0},"end":{"line":8,"column":60}},"8":{"start":{"line":9,"column":0},"end":{"line":9,"column":25}},"9":{"start":{"line":10,"column":0},"end":{"line":10,"column":20}},"10":{"start":{"line":11,"column":0},"end":{"line":11,"column":2}},"16":{"start":{"line":17,"column":0},"end":{"line":17,"column":62}},"17":{"start":{"line":18,"column":0},"end":{"line":18,"column":15}},"18":{"start":{"line":19,"column":0},"end":{"line":19,"column":2}},"24":{"start":{"line":25,"column":0},"end":{"line":25,"column":64}},"25":{"start":{"line":26,"column":0},"end":{"line":26,"column":18}},"26":{"start":{"line":27,"column":0},"end":{"line":27,"column":2}}},"s":{"0":0,"7":0,"8":0,"9":0,"10":0,"16":0,"17":0,"18":0,"24":0,"25":0,"26":0},"branchMap":{"0":{"type":"branch","line":1,"loc":{"start":{"line":1,"column":697},"end":{"line":27,"column":2}},"locations":[{"start":{"line":1,"column":697},"end":{"line":27,"column":2}}]}},"b":{"0":[0]},"fnMap":{"0":{"name":"(empty-report)","decl":{"start":{"line":1,"column":697},"end":{"line":27,"column":2}},"loc":{"start":{"line":1,"column":697},"end":{"line":27,"column":2}},"line":1}},"f":{"0":0}}
,"/Users/thiagobutignon/dev/spec-kit-clean-archicteture/src/features/todo-list/domain/test/mock-list-todos-use-case.ts": {"path":"/Users/thiagobutignon/dev/spec-kit-clean-archicteture/src/features/todo-list/domain/test/mock-list-todos-use-case.ts","all":true,"statementMap":{"0":{"start":{"line":1,"column":0},"end":{"line":1,"column":27}},"7":{"start":{"line":8,"column":0},"end":{"line":8,"column":58}},"8":{"start":{"line":9,"column":0},"end":{"line":9,"column":25}},"9":{"start":{"line":10,"column":0},"end":{"line":10,"column":18}},"10":{"start":{"line":11,"column":0},"end":{"line":11,"column":2}},"16":{"start":{"line":17,"column":0},"end":{"line":17,"column":60}},"17":{"start":{"line":18,"column":0},"end":{"line":18,"column":10}},"18":{"start":{"line":19,"column":0},"end":{"line":19,"column":5}},"19":{"start":{"line":20,"column":0},"end":{"line":20,"column":21}},"20":{"start":{"line":21,"column":0},"end":{"line":21,"column":29}},"21":{"start":{"line":22,"column":0},"end":{"line":22,"column":32}},"22":{"start":{"line":23,"column":0},"end":{"line":23,"column":46}},"23":{"start":{"line":24,"column":0},"end":{"line":24,"column":23}},"24":{"start":{"line":25,"column":0},"end":{"line":25,"column":49}},"25":{"start":{"line":26,"column":0},"end":{"line":26,"column":6}},"26":{"start":{"line":27,"column":0},"end":{"line":27,"column":5}},"27":{"start":{"line":28,"column":0},"end":{"line":28,"column":21}},"28":{"start":{"line":29,"column":0},"end":{"line":29,"column":29}},"29":{"start":{"line":30,"column":0},"end":{"line":30,"column":32}},"30":{"start":{"line":31,"column":0},"end":{"line":31,"column":22}},"31":{"start":{"line":32,"column":0},"end":{"line":32,"column":50}},"32":{"start":{"line":33,"column":0},"end":{"line":33,"column":49}},"33":{"start":{"line":34,"column":0},"end":{"line":34,"column":5}},"34":{"start":{"line":35,"column":0},"end":{"line":35,"column":3}},"35":{"start":{"line":36,"column":0},"end":{"line":36,"column":2}},"41":{"start":{"line":42,"column":0},"end":{"line":42,"column":62}},"42":{"start":{"line":43,"column":0},"end":{"line":43,"column":18}},"43":{"start":{"line":44,"column":0},"end":{"line":44,"column":2}}},"s":{"0":0,"7":0,"8":0,"9":0,"10":0,"16":0,"17":0,"18":0,"19":0,"20":0,"21":0,"22":0,"23":0,"24":0,"25":0,"26":0,"27":0,"28":0,"29":0,"30":0,"31":0,"32":0,"33":0,"34":0,"35":0,"41":0,"42":0,"43":0},"branchMap":{"0":{"type":"branch","line":1,"loc":{"start":{"line":1,"column":1121},"end":{"line":44,"column":2}},"locations":[{"start":{"line":1,"column":1121},"end":{"line":44,"column":2}}]}},"b":{"0":[0]},"fnMap":{"0":{"name":"(empty-report)","decl":{"start":{"line":1,"column":1121},"end":{"line":44,"column":2}},"loc":{"start":{"line":1,"column":1121},"end":{"line":44,"column":2}},"line":1}},"f":{"0":0}}
,"/Users/thiagobutignon/dev/spec-kit-clean-archicteture/src/features/todo-list/domain/test/mock-update-todo-use-case.ts": {"path":"/Users/thiagobutignon/dev/spec-kit-clean-archicteture/src/features/todo-list/domain/test/mock-update-todo-use-case.ts","all":true,"statementMap":{"0":{"start":{"line":1,"column":0},"end":{"line":1,"column":27}},"7":{"start":{"line":8,"column":0},"end":{"line":8,"column":60}},"8":{"start":{"line":9,"column":0},"end":{"line":9,"column":25}},"9":{"start":{"line":10,"column":0},"end":{"line":10,"column":21}},"10":{"start":{"line":11,"column":0},"end":{"line":11,"column":29}},"11":{"start":{"line":12,"column":0},"end":{"line":12,"column":17}},"12":{"start":{"line":13,"column":0},"end":{"line":13,"column":2}},"18":{"start":{"line":19,"column":0},"end":{"line":19,"column":62}},"19":{"start":{"line":20,"column":0},"end":{"line":20,"column":17}},"20":{"start":{"line":21,"column":0},"end":{"line":21,"column":25}},"21":{"start":{"line":22,"column":0},"end":{"line":22,"column":29}},"22":{"start":{"line":23,"column":0},"end":{"line":23,"column":46}},"23":{"start":{"line":24,"column":0},"end":{"line":24,"column":18}},"24":{"start":{"line":25,"column":0},"end":{"line":25,"column":46}},"25":{"start":{"line":26,"column":0},"end":{"line":26,"column":45}},"26":{"start":{"line":27,"column":0},"end":{"line":27,"column":2}},"32":{"start":{"line":33,"column":0},"end":{"line":33,"column":64}},"33":{"start":{"line":34,"column":0},"end":{"line":34,"column":18}},"34":{"start":{"line":35,"column":0},"end":{"line":35,"column":2}}},"s":{"0":0,"7":0,"8":0,"9":0,"10":0,"11":0,"12":0,"18":0,"19":0,"20":0,"21":0,"22":0,"23":0,"24":0,"25":0,"26":0,"32":0,"33":0,"34":0},"branchMap":{"0":{"type":"branch","line":1,"loc":{"start":{"line":1,"column":963},"end":{"line":35,"column":2}},"locations":[{"start":{"line":1,"column":963},"end":{"line":35,"column":2}}]}},"b":{"0":[0]},"fnMap":{"0":{"name":"(empty-report)","decl":{"start":{"line":1,"column":963},"end":{"line":35,"column":2}},"loc":{"start":{"line":1,"column":963},"end":{"line":35,"column":2}},"line":1}},"f":{"0":0}}
,"/Users/thiagobutignon/dev/spec-kit-clean-archicteture/src/features/todo-list/domain/use-cases/create-todo.ts": {"path":"/Users/thiagobutignon/dev/spec-kit-clean-archicteture/src/features/todo-list/domain/use-cases/create-todo.ts","all":true,"statementMap":{},"s":{},"branchMap":{"0":{"type":"branch","line":1,"loc":{"start":{"line":1,"column":678},"end":{"line":33,"column":1}},"locations":[{"start":{"line":1,"column":678},"end":{"line":33,"column":1}}]}},"b":{"0":[1]},"fnMap":{"0":{"name":"(empty-report)","decl":{"start":{"line":1,"column":678},"end":{"line":33,"column":1}},"loc":{"start":{"line":1,"column":678},"end":{"line":33,"column":1}},"line":1}},"f":{"0":1}}
,"/Users/thiagobutignon/dev/spec-kit-clean-archicteture/src/features/todo-list/domain/use-cases/delete-todo.ts": {"path":"/Users/thiagobutignon/dev/spec-kit-clean-archicteture/src/features/todo-list/domain/use-cases/delete-todo.ts","all":true,"statementMap":{},"s":{},"branchMap":{"0":{"type":"branch","line":1,"loc":{"start":{"line":1,"column":561},"end":{"line":27,"column":1}},"locations":[{"start":{"line":1,"column":561},"end":{"line":27,"column":1}}]}},"b":{"0":[1]},"fnMap":{"0":{"name":"(empty-report)","decl":{"start":{"line":1,"column":561},"end":{"line":27,"column":1}},"loc":{"start":{"line":1,"column":561},"end":{"line":27,"column":1}},"line":1}},"f":{"0":1}}
,"/Users/thiagobutignon/dev/spec-kit-clean-archicteture/src/features/todo-list/domain/use-cases/list-todos.ts": {"path":"/Users/thiagobutignon/dev/spec-kit-clean-archicteture/src/features/todo-list/domain/use-cases/list-todos.ts","all":true,"statementMap":{},"s":{},"branchMap":{"0":{"type":"branch","line":1,"loc":{"start":{"line":1,"column":704},"end":{"line":35,"column":1}},"locations":[{"start":{"line":1,"column":704},"end":{"line":35,"column":1}}]}},"b":{"0":[1]},"fnMap":{"0":{"name":"(empty-report)","decl":{"start":{"line":1,"column":704},"end":{"line":35,"column":1}},"loc":{"start":{"line":1,"column":704},"end":{"line":35,"column":1}},"line":1}},"f":{"0":1}}
,"/Users/thiagobutignon/dev/spec-kit-clean-archicteture/src/features/todo-list/domain/use-cases/update-todo.ts": {"path":"/Users/thiagobutignon/dev/spec-kit-clean-archicteture/src/features/todo-list/domain/use-cases/update-todo.ts","all":true,"statementMap":{},"s":{},"branchMap":{"0":{"type":"branch","line":1,"loc":{"start":{"line":1,"column":742},"end":{"line":36,"column":1}},"locations":[{"start":{"line":1,"column":742},"end":{"line":36,"column":1}}]}},"b":{"0":[1]},"fnMap":{"0":{"name":"(empty-report)","decl":{"start":{"line":1,"column":742},"end":{"line":36,"column":1}},"loc":{"start":{"line":1,"column":742},"end":{"line":36,"column":1}},"line":1}},"f":{"0":1}}
}
